<?xml version="1.0" encoding="UTF-8"?>
<!-- Generated by org.testng.reporters.JUnitReportReporter -->
<testsuite skipped="0" hostname="Himadi" name="com.KeximBank.master.ExePom" tests="2" failures="0" timestamp="18 Feb 2018 19:17:47 GMT" time="42.503" errors="0">
  <testcase name="pomRole" time="17.825" classname="com.KeximBank.master.ExePom"/>
  <testcase name="pomEmp" time="24.678" classname="com.KeximBank.master.ExePom"/>
</testsuite> <!-- com.KeximBank.master.ExePom -->
