<?xml version="1.0" encoding="UTF-8"?>
<!-- Generated by org.testng.reporters.JUnitReportReporter -->
<testsuite skipped="0" hostname="Himadi" name="com.KeximBank.master.ExePom" tests="2" failures="0" timestamp="18 Feb 2018 19:19:14 GMT" time="44.278" errors="0">
  <testcase name="pomEmp" time="26.078" classname="com.KeximBank.master.ExePom"/>
  <testcase name="pomRole" time="18.200" classname="com.KeximBank.master.ExePom"/>
</testsuite> <!-- com.KeximBank.master.ExePom -->
